Flutter crash report.
Please report a bug at https://github.com/flutter/flutter/issues.

## command

flutter pub get --no-example

## exception

FileSystemException: FileSystemException: writeFrom failed, path = '/Users/danyalahmed/Desktop/flutterflow_custom_widget/android/app/src/main/java/io/flutter/plugins/GeneratedPluginRegistrant.java' (OS Error: Operation timed out, errno = 60)

```
#0      _checkForErrorResponse (dart:io/common.dart:58:9)
#1      _RandomAccessFile.writeFrom.<anonymous closure> (dart:io/file_impl.dart:1000:7)
#2      _rootRunUnary (dart:async/zone.dart:1538:47)
#3      _CustomZone.runUnary (dart:async/zone.dart:1429:19)
<asynchronous suspension>
#4      _File.writeAsBytes.<anonymous closure>.<anonymous closure> (dart:io/file_impl.dart:734:23)
<asynchronous suspension>
#5      _RandomAccessFile.close (dart:io/file_impl.dart:855:3)
<asynchronous suspension>
#6      ForwardingFile.writeAsString (package:file/src/forwarding/forwarding_file.dart:136:12)
<asynchronous suspension>
#7      ErrorHandlingFile.writeAsString.<anonymous closure> (package:flutter_tools/src/base/error_handling_io.dart:238:9)
<asynchronous suspension>
#8      _run (package:flutter_tools/src/base/error_handling_io.dart:511:12)
<asynchronous suspension>
#9      _renderTemplateToFile (package:flutter_tools/src/flutter_plugins.dart:41:3)
<asynchronous suspension>
#10     _writeAndroidPluginRegistrant (package:flutter_tools/src/flutter_plugins.dart:450:3)
<asynchronous suspension>
#11     injectPlugins (package:flutter_tools/src/flutter_plugins.dart:1269:5)
<asynchronous suspension>
#12     FlutterProject.ensureReadyForPlatformSpecificTooling (package:flutter_tools/src/project.dart:398:5)
<asynchronous suspension>
#13     PackagesGetCommand.runCommand (package:flutter_tools/src/commands/packages.dart:383:7)
<asynchronous suspension>
#14     FlutterCommand.run.<anonymous closure> (package:flutter_tools/src/runner/flutter_command.dart:1563:27)
<asynchronous suspension>
#15     AppContext.run.<anonymous closure> (package:flutter_tools/src/base/context.dart:154:19)
<asynchronous suspension>
#16     CommandRunner.runCommand (package:args/command_runner.dart:212:13)
<asynchronous suspension>
#17     FlutterCommandRunner.runCommand.<anonymous closure> (package:flutter_tools/src/runner/flutter_command_runner.dart:494:9)
<asynchronous suspension>
#18     AppContext.run.<anonymous closure> (package:flutter_tools/src/base/context.dart:154:19)
<asynchronous suspension>
#19     FlutterCommandRunner.runCommand (package:flutter_tools/src/runner/flutter_command_runner.dart:431:5)
<asynchronous suspension>
#20     run.<anonymous closure>.<anonymous closure> (package:flutter_tools/runner.dart:98:11)
<asynchronous suspension>
#21     AppContext.run.<anonymous closure> (package:flutter_tools/src/base/context.dart:154:19)
<asynchronous suspension>
#22     main (package:flutter_tools/executable.dart:102:3)
<asynchronous suspension>
```

## flutter doctor

```
[✓] Flutter (Channel stable, 3.32.8, on macOS 15.4.1 24E263 darwin-arm64, locale en-PK) [582ms]
    • Flutter version 3.32.8 on channel stable at /Users/danyalahmed/Downloads/flutter
    • Upstream repository https://github.com/flutter/flutter.git
    • Framework revision edada7c56e (3 months ago), 2025-07-25 14:08:03 +0000
    • Engine revision ef0cd00091
    • Dart version 3.8.1
    • DevTools version 2.45.1

[!] Android toolchain - develop for Android devices (Android SDK version 35.0.1) [5.1s]
    • Android SDK at /Users/danyalahmed/Library/Android/sdk
    • Platform android-35, build-tools 35.0.1
    • ANDROID_HOME = /Users/danyalahmed/Library/Android/sdk
    • Java binary at: /Applications/Android Studio 2.app/Contents/jbr/Contents/Home/bin/java
      This is the JDK bundled with the latest Android Studio installation on this machine.
      To manually set the JDK path, use: `flutter config --jdk-dir="path/to/jdk"`.
    • Java version OpenJDK Runtime Environment (build 21.0.5+-13047016-b750.29)
    ! Some Android licenses not accepted. To resolve this, run: flutter doctor --android-licenses

[✓] Xcode - develop for iOS and macOS (Xcode 16.3) [2.2s]
    • Xcode at /Applications/Xcode.app/Contents/Developer
    • Build 16E140
    • CocoaPods version 1.16.2

[✓] Chrome - develop for the web [7ms]
    • Chrome at /Applications/Google Chrome.app/Contents/MacOS/Google Chrome

[✓] Android Studio (version 2024.2) [7ms]
    • Android Studio at /Applications/Android Studio 2.app/Contents
    • Flutter plugin can be installed from:
      🔨 https://plugins.jetbrains.com/plugin/9212-flutter
    • Dart plugin can be installed from:
      🔨 https://plugins.jetbrains.com/plugin/6351-dart
    • Java version OpenJDK Runtime Environment (build 21.0.5+-13047016-b750.29)

[✓] VS Code (version 1.105.1) [5ms]
    • VS Code at /Applications/Visual Studio Code.app/Contents
    • Flutter extension version 3.120.0

[✓] Connected device (4 available) [7.4s]
    • Danyal’s iPhone (wireless) (mobile) • 00008110-0016093002DB801E            • ios            • iOS 18.6.2 22G100
    • iPhone 16 Pro Max (mobile)          • 46214160-95F3-44A9-B1A1-D617CA703D09 • ios            • com.apple.CoreSimulator.SimRuntime.iOS-18-4 (simulator)
    • macOS (desktop)                     • macos                                • darwin-arm64   • macOS 15.4.1 24E263 darwin-arm64
    • Chrome (web)                        • chrome                               • web-javascript • Google Chrome 141.0.7390.108

[✓] Network resources [944ms]
    • All expected network resources are available.

! Doctor found issues in 1 category.
```
