Flutter crash report.
Please report a bug at https://github.com/flutter/flutter/issues.

## command

flutter run --machine --start-paused -d chrome --devtools-server-address http://127.0.0.1:9100/ --target /Users/danyalahmed/Desktop/flutterflow_custom_widget/lib/main.dart

## exception

FileSystemException: FileSystemException: readInto failed, path = '/Users/danyalahmed/Desktop/flutterflow_custom_widget/.dart_tool/version' (OS Error: Operation canceled, errno = 89)

```
#0      _RandomAccessFile.readIntoSync (dart:io/file_impl.dart:947:7)
#1      _File.readAsBytesSync (dart:io/file_impl.dart:682:35)
#2      _File.readAsStringSync (dart:io/file_impl.dart:718:18)
#3      ForwardingFile.readAsStringSync (package:file/src/forwarding/forwarding_file.dart:99:16)
#4      ErrorHandlingFile.readAsStringSync.<anonymous closure> (package:flutter_tools/src/base/error_handling_io.dart:212:22)
#5      _runSync (package:flutter_tools/src/base/error_handling_io.dart:549:14)
#6      ErrorHandlingFile.readAsStringSync (package:flutter_tools/src/base/error_handling_io.dart:211:12)
#7      _DefaultPub.get (package:flutter_tools/src/dart/pub.dart:331:23)
#8      FlutterCommand.verifyThenRunCommand (package:flutter_tools/src/runner/flutter_command.dart:1883:17)
<asynchronous suspension>
#9      FlutterCommand.run.<anonymous closure> (package:flutter_tools/src/runner/flutter_command.dart:1563:27)
<asynchronous suspension>
#10     AppContext.run.<anonymous closure> (package:flutter_tools/src/base/context.dart:154:19)
<asynchronous suspension>
#11     CommandRunner.runCommand (package:args/command_runner.dart:212:13)
<asynchronous suspension>
#12     FlutterCommandRunner.runCommand.<anonymous closure> (package:flutter_tools/src/runner/flutter_command_runner.dart:494:9)
<asynchronous suspension>
#13     AppContext.run.<anonymous closure> (package:flutter_tools/src/base/context.dart:154:19)
<asynchronous suspension>
#14     FlutterCommandRunner.runCommand (package:flutter_tools/src/runner/flutter_command_runner.dart:431:5)
<asynchronous suspension>
#15     run.<anonymous closure>.<anonymous closure> (package:flutter_tools/runner.dart:98:11)
<asynchronous suspension>
#16     AppContext.run.<anonymous closure> (package:flutter_tools/src/base/context.dart:154:19)
<asynchronous suspension>
#17     main (package:flutter_tools/executable.dart:102:3)
<asynchronous suspension>
```

## flutter doctor

```
[✓] Flutter (Channel stable, 3.32.8, on macOS 15.4.1 24E263 darwin-arm64, locale en-PK) [2.9s]
    • Flutter version 3.32.8 on channel stable at /Users/danyalahmed/Downloads/flutter
    • Upstream repository https://github.com/flutter/flutter.git
    • Framework revision edada7c56e (3 months ago), 2025-07-25 14:08:03 +0000
    • Engine revision ef0cd00091
    • Dart version 3.8.1
    • DevTools version 2.45.1

[!] Android toolchain - develop for Android devices (Android SDK version 35.0.1) [9.3s]
    • Android SDK at /Users/danyalahmed/Library/Android/sdk
    • Platform android-35, build-tools 35.0.1
    • ANDROID_HOME = /Users/danyalahmed/Library/Android/sdk
    • Java binary at: /Applications/Android Studio 2.app/Contents/jbr/Contents/Home/bin/java
      This is the JDK bundled with the latest Android Studio installation on this machine.
      To manually set the JDK path, use: `flutter config --jdk-dir="path/to/jdk"`.
    • Java version OpenJDK Runtime Environment (build 21.0.5+-13047016-b750.29)
    ! Some Android licenses not accepted. To resolve this, run: flutter doctor --android-licenses

[✓] Xcode - develop for iOS and macOS (Xcode 16.3) [6.9s]
    • Xcode at /Applications/Xcode.app/Contents/Developer
    • Build 16E140
    • CocoaPods version 1.16.2

[✓] Chrome - develop for the web [23ms]
    • Chrome at /Applications/Google Chrome.app/Contents/MacOS/Google Chrome

[✓] Android Studio (version 2024.2) [20ms]
    • Android Studio at /Applications/Android Studio 2.app/Contents
    • Flutter plugin can be installed from:
      🔨 https://plugins.jetbrains.com/plugin/9212-flutter
    • Dart plugin can be installed from:
      🔨 https://plugins.jetbrains.com/plugin/6351-dart
    • Java version OpenJDK Runtime Environment (build 21.0.5+-13047016-b750.29)

[✓] VS Code (version 1.105.1) [15ms]
    • VS Code at /Applications/Visual Studio Code.app/Contents
    • Flutter extension version 3.122.0

[✓] Connected device (3 available) [8.4s]
    • Danyal’s iPhone (wireless) (mobile) • 00008110-0016093002DB801E • ios            • iOS 18.6.2 22G100
    • macOS (desktop)                     • macos                     • darwin-arm64   • macOS 15.4.1 24E263 darwin-arm64
    • Chrome (web)                        • chrome                    • web-javascript • Google Chrome 142.0.7444.60

[✓] Network resources [1,091ms]
    • All expected network resources are available.

! Doctor found issues in 1 category.
```
