Flutter crash report.
Please report a bug at https://github.com/flutter/flutter/issues.

## command

flutter pub get

## exception

FileSystemException: FileSystemException: Cannot open file, path = '/Users/danyalahmed/Desktop/flutterflow_custom_widget/.dart_tool/package_config_subset' (OS Error: Operation canceled, errno = 89)

```
#0      _File.throwIfError (dart:io/file_impl.dart:782:7)
#1      _File.openSync (dart:io/file_impl.dart:575:5)
#2      _File.writeAsBytesSync (dart:io/file_impl.dart:747:31)
#3      _File.writeAsStringSync (dart:io/file_impl.dart:775:5)
#4      ForwardingFile.writeAsStringSync (package:file/src/forwarding/forwarding_file.dart:150:16)
#5      ErrorHandlingFile.writeAsStringSync.<anonymous closure> (package:flutter_tools/src/base/error_handling_io.dart:254:22)
#6      _runSync (package:flutter_tools/src/base/error_handling_io.dart:549:14)
#7      ErrorHandlingFile.writeAsStringSync (package:flutter_tools/src/base/error_handling_io.dart:253:5)
#8      _DefaultPub._updatePackageConfig (package:flutter_tools/src/dart/pub.dart:768:10)
<asynchronous suspension>
#9      _DefaultPub._updateVersionAndPackageConfig (package:flutter_tools/src/dart/pub.dart:735:5)
<asynchronous suspension>
#10     _DefaultPub.interactively (package:flutter_tools/src/dart/pub.dart:608:7)
<asynchronous suspension>
#11     PackagesGetCommand.runCommand (package:flutter_tools/src/commands/packages.dart:332:7)
<asynchronous suspension>
#12     FlutterCommand.run.<anonymous closure> (package:flutter_tools/src/runner/flutter_command.dart:1563:27)
<asynchronous suspension>
#13     AppContext.run.<anonymous closure> (package:flutter_tools/src/base/context.dart:154:19)
<asynchronous suspension>
#14     CommandRunner.runCommand (package:args/command_runner.dart:212:13)
<asynchronous suspension>
#15     FlutterCommandRunner.runCommand.<anonymous closure> (package:flutter_tools/src/runner/flutter_command_runner.dart:494:9)
<asynchronous suspension>
#16     AppContext.run.<anonymous closure> (package:flutter_tools/src/base/context.dart:154:19)
<asynchronous suspension>
#17     FlutterCommandRunner.runCommand (package:flutter_tools/src/runner/flutter_command_runner.dart:431:5)
<asynchronous suspension>
#18     run.<anonymous closure>.<anonymous closure> (package:flutter_tools/runner.dart:98:11)
<asynchronous suspension>
#19     AppContext.run.<anonymous closure> (package:flutter_tools/src/base/context.dart:154:19)
<asynchronous suspension>
#20     main (package:flutter_tools/executable.dart:102:3)
<asynchronous suspension>
```

## flutter doctor

```
[32m[✓][39m Flutter (Channel stable, 3.32.8, on macOS 15.4.1 24E263 darwin-arm64, locale en-PK) [2.0s]
    [32m•[39m Flutter version 3.32.8 on channel stable at /Users/danyalahmed/Downloads/flutter
    [32m•[39m Upstream repository https://github.com/flutter/flutter.git
    [32m•[39m Framework revision edada7c56e (3 months ago), 2025-07-25 14:08:03 +0000
    [32m•[39m Engine revision ef0cd00091
    [32m•[39m Dart version 3.8.1
    [32m•[39m DevTools version 2.45.1

[33m[!][39m Android toolchain - develop for Android devices (Android SDK version 35.0.1) [7.4s]
    [32m•[39m Android SDK at /Users/danyalahmed/Library/Android/sdk
    [32m•[39m Platform android-35, build-tools 35.0.1
    [32m•[39m ANDROID_HOME = /Users/danyalahmed/Library/Android/sdk
    [32m•[39m Java binary at: /Applications/Android Studio 2.app/Contents/jbr/Contents/Home/bin/java
      This is the JDK bundled with the latest Android Studio installation on this machine.
      To manually set the JDK path, use: `flutter config --jdk-dir="path/to/jdk"`.
    [32m•[39m Java version OpenJDK Runtime Environment (build 21.0.5+-13047016-b750.29)
    [33m![39m Some Android licenses not accepted. To resolve this, run: flutter doctor --android-licenses

[32m[✓][39m Xcode - develop for iOS and macOS (Xcode 16.3) [5.8s]
    [32m•[39m Xcode at /Applications/Xcode.app/Contents/Developer
    [32m•[39m Build 16E140
    [32m•[39m CocoaPods version 1.16.2

[32m[✓][39m Chrome - develop for the web [10ms]
    [32m•[39m Chrome at /Applications/Google Chrome.app/Contents/MacOS/Google Chrome

[32m[✓][39m Android Studio (version 2024.2) [9ms]
    [32m•[39m Android Studio at /Applications/Android Studio 2.app/Contents
    [32m•[39m Flutter plugin can be installed from:
      🔨 https://plugins.jetbrains.com/plugin/9212-flutter
    [32m•[39m Dart plugin can be installed from:
      🔨 https://plugins.jetbrains.com/plugin/6351-dart
    [32m•[39m Java version OpenJDK Runtime Environment (build 21.0.5+-13047016-b750.29)

[32m[✓][39m VS Code (version 1.105.1) [7ms]
    [32m•[39m VS Code at /Applications/Visual Studio Code.app/Contents
    [32m•[39m Flutter extension version 3.122.0

[32m[✓][39m VS Code (version 1.105.1) [7ms]
    [32m•[39m VS Code at /Users/danyalahmed/Downloads/Visual Studio Code.app/Contents
    [32m•[39m Flutter extension version 3.122.0

[32m[✓][39m VS Code (version 1.105.1) [7ms]
    [32m•[39m VS Code at /Users/danyalahmed/Downloads/Visual Studio Code 2.app/Contents
    [32m•[39m Flutter extension version 3.122.0

[32m[✓][39m Connected device (3 available) [9.2s]
    [32m•[39m Danyal’s iPhone (wireless) (mobile) • 00008110-0016093002DB801E • ios            • iOS 18.6.2 22G100
    [32m•[39m macOS (desktop)                     • macos                     • darwin-arm64   • macOS 15.4.1 24E263 darwin-arm64
    [32m•[39m Chrome (web)                        • chrome                    • web-javascript • Google Chrome 142.0.7444.60

[32m[✓][39m Network resources [1,650ms]
    [32m•[39m All expected network resources are available.

[33m![39m Doctor found issues in 1 category.
```
