Flutter crash report.
Please report a bug at https://github.com/flutter/flutter/issues.

## command

flutter pub get --no-example

## exception

FileSystemException: FileSystemException: Cannot open file, path = '/Users/danyalahmed/Desktop/flutterflow_custom_widget/.dart_tool/package_config_subset' (OS Error: Operation canceled, errno = 89)

```
#0      _File.throwIfError (dart:io/file_impl.dart:782:7)
#1      _File.openSync (dart:io/file_impl.dart:575:5)
#2      _File.writeAsBytesSync (dart:io/file_impl.dart:747:31)
#3      _File.writeAsStringSync (dart:io/file_impl.dart:775:5)
#4      ForwardingFile.writeAsStringSync (package:file/src/forwarding/forwarding_file.dart:150:16)
#5      ErrorHandlingFile.writeAsStringSync.<anonymous closure> (package:flutter_tools/src/base/error_handling_io.dart:254:22)
#6      _runSync (package:flutter_tools/src/base/error_handling_io.dart:549:14)
#7      ErrorHandlingFile.writeAsStringSync (package:flutter_tools/src/base/error_handling_io.dart:253:5)
#8      _DefaultPub._updatePackageConfig (package:flutter_tools/src/dart/pub.dart:768:10)
<asynchronous suspension>
#9      _DefaultPub._updateVersionAndPackageConfig (package:flutter_tools/src/dart/pub.dart:735:5)
<asynchronous suspension>
#10     _DefaultPub.interactively (package:flutter_tools/src/dart/pub.dart:608:7)
<asynchronous suspension>
#11     PackagesGetCommand.runCommand (package:flutter_tools/src/commands/packages.dart:332:7)
<asynchronous suspension>
#12     FlutterCommand.run.<anonymous closure> (package:flutter_tools/src/runner/flutter_command.dart:1563:27)
<asynchronous suspension>
#13     AppContext.run.<anonymous closure> (package:flutter_tools/src/base/context.dart:154:19)
<asynchronous suspension>
#14     CommandRunner.runCommand (package:args/command_runner.dart:212:13)
<asynchronous suspension>
#15     FlutterCommandRunner.runCommand.<anonymous closure> (package:flutter_tools/src/runner/flutter_command_runner.dart:494:9)
<asynchronous suspension>
#16     AppContext.run.<anonymous closure> (package:flutter_tools/src/base/context.dart:154:19)
<asynchronous suspension>
#17     FlutterCommandRunner.runCommand (package:flutter_tools/src/runner/flutter_command_runner.dart:431:5)
<asynchronous suspension>
#18     run.<anonymous closure>.<anonymous closure> (package:flutter_tools/runner.dart:98:11)
<asynchronous suspension>
#19     AppContext.run.<anonymous closure> (package:flutter_tools/src/base/context.dart:154:19)
<asynchronous suspension>
#20     main (package:flutter_tools/executable.dart:102:3)
<asynchronous suspension>
```

## flutter doctor

```
[!] Flutter (Channel stable, 3.32.8, on macOS 15.4.1 24E263 darwin-arm64, locale en-PK) [1,963ms]
    • Flutter version 3.32.8 on channel stable at /Users/danyalahmed/Downloads/flutter
    ! The flutter binary is not on your path. Consider adding /Users/danyalahmed/Downloads/flutter/bin to your path.
    ! The dart binary is not on your path. Consider adding /Users/danyalahmed/Downloads/flutter/bin to your path.
    • Upstream repository https://github.com/flutter/flutter.git
    • Framework revision edada7c56e (3 months ago), 2025-07-25 14:08:03 +0000
    • Engine revision ef0cd00091
    • Dart version 3.8.1
    • DevTools version 2.45.1
    • If those were intentional, you can disregard the above warnings; however it is recommended to use "git" directly to perform update checks and upgrades.

[!] Android toolchain - develop for Android devices (Android SDK version 35.0.1) [7.1s]
    • Android SDK at /Users/danyalahmed/Library/Android/sdk
    • Platform android-35, build-tools 35.0.1
    • Java binary at: /Applications/Android Studio 2.app/Contents/jbr/Contents/Home/bin/java
      This is the JDK bundled with the latest Android Studio installation on this machine.
      To manually set the JDK path, use: `flutter config --jdk-dir="path/to/jdk"`.
    • Java version OpenJDK Runtime Environment (build 21.0.5+-13047016-b750.29)
    ! Some Android licenses not accepted. To resolve this, run: flutter doctor --android-licenses

[!] Xcode - develop for iOS and macOS (Xcode 16.3) [5.5s]
    • Xcode at /Applications/Xcode.app/Contents/Developer
    • Build 16E140
    ✗ CocoaPods not installed.
        CocoaPods is a package manager for iOS or macOS platform code.
        Without CocoaPods, plugins will not work on iOS or macOS.
        For more info, see https://flutter.dev/to/platform-plugins
      For installation instructions, see https://guides.cocoapods.org/using/getting-started.html#installation

[✓] Chrome - develop for the web [10ms]
    • Chrome at /Applications/Google Chrome.app/Contents/MacOS/Google Chrome

[✓] Android Studio (version 2024.2) [9ms]
    • Android Studio at /Applications/Android Studio 2.app/Contents
    • Flutter plugin can be installed from:
      🔨 https://plugins.jetbrains.com/plugin/9212-flutter
    • Dart plugin can be installed from:
      🔨 https://plugins.jetbrains.com/plugin/6351-dart
    • Java version OpenJDK Runtime Environment (build 21.0.5+-13047016-b750.29)

[✓] VS Code (version 1.105.1) [7ms]
    • VS Code at /Applications/Visual Studio Code.app/Contents
    • Flutter extension version 3.122.0

[✓] VS Code (version 1.105.1) [7ms]
    • VS Code at /Users/danyalahmed/Downloads/Visual Studio Code.app/Contents
    • Flutter extension version 3.122.0

[✓] VS Code (version 1.105.1) [7ms]
    • VS Code at /Users/danyalahmed/Downloads/Visual Studio Code 2.app/Contents
    • Flutter extension version 3.122.0

[✓] Connected device (3 available) [9.2s]
    • Danyal’s iPhone (wireless) (mobile) • 00008110-0016093002DB801E • ios            • iOS 18.6.2 22G100
    • macOS (desktop)                     • macos                     • darwin-arm64   • macOS 15.4.1 24E263 darwin-arm64
    • Chrome (web)                        • chrome                    • web-javascript • Google Chrome 142.0.7444.60

[✓] Network resources [1,040ms]
    • All expected network resources are available.

! Doctor found issues in 3 categories.
```
